<?xml version="1.0" encoding="UTF-8"?>
<Site BuildName="(empty)"
	BuildStamp="20230511-0350-Experimental"
	Name="(empty)"
	Generator="ctest-3.26.3"
	CompilerName=""
	CompilerVersion=""
	OSName="Windows"
	Hostname="[NON-UTF-8-BYTE-0xBD][NON-UTF-8-BYTE-0xA8]ƽ[NON-UTF-8-BYTE-0xB5]ĵ[NON-UTF-8-BYTE-0xE7][NON-UTF-8-BYTE-0xC4][NON-UTF-8-BYTE-0xD4]"
	OSRelease=" Professional"
	OSVersion=" (Build 22621)"
	OSPlatform="AMD64"
	Is64Bits="1"
	VendorString="GenuineIntel"
	VendorID="Intel Corporation"
	FamilyID="6"
	ModelID="7"
	ProcessorCacheSize="-1"
	NumberOfLogicalCPU="24"
	NumberOfPhysicalCPU="16"
	TotalVirtualMemory="39003"
	TotalPhysicalMemory="32603"
	LogicalProcessorsPerPhysical="1"
	ProcessorClockFrequency="3417"
	>
	<Testing>
		<StartDateTime>May 11 11:50 [NON-UTF-8-BYTE-0xD6]й[NON-UTF-8-BYTE-0xFA][NON-UTF-8-BYTE-0xB1][NON-UTF-8-BYTE-0xEA]׼ʱ[NON-UTF-8-BYTE-0xBC][NON-UTF-8-BYTE-0xE4]</StartDateTime>
		<StartTestTime>1683777007</StartTestTime>
		<TestList/>
		<EndDateTime>May 11 11:50 [NON-UTF-8-BYTE-0xD6]й[NON-UTF-8-BYTE-0xFA][NON-UTF-8-BYTE-0xB1][NON-UTF-8-BYTE-0xEA]׼ʱ[NON-UTF-8-BYTE-0xBC][NON-UTF-8-BYTE-0xE4]</EndDateTime>
		<EndTestTime>1683777007</EndTestTime>
		<ElapsedMinutes>0</ElapsedMinutes>
	</Testing>
</Site>
